<?xml version="1.0" encoding="UTF-8"?>
<!-- Generated by org.testng.reporters.JUnitXMLReporter -->
<testsuite ignored="3" hostname="INLEN8520070112" failures="0" tests="5" name="Default test" time="3.083" errors="0" timestamp="2023-10-09T15:38:01 IST">
  <testcase classname="com.qa.tests.TestRunner" name="createModuleTestFunctional" time="2.894"/>
  <testcase classname="com.qa.tests.TestRunner" name="createModuleTestFunctional" time="0.045"/>
  <testcase classname="com.qa.tests.TestRunner" name="createModuleTestFunctional" time="0.034"/>
  <testcase classname="com.qa.tests.TestRunner" name="createModuleTestFunctional" time="0.035"/>
  <testcase classname="com.qa.tests.TestRunner" name="createModuleTestFunctional" time="0.038"/>
  <testcase classname="com.qa.tests.TestRunner" name="createModuleTestSuccessForLoan" time="0.0">
    <ignored/>
  </testcase> <!-- createModuleTestSuccessForLoan -->
  <testcase classname="com.qa.tests.TestRunner" name="createModuleTestDB" time="0.0">
    <ignored/>
  </testcase> <!-- createModuleTestDB -->
  <testcase classname="com.qa.tests.TestRunner" name="createModuleTestSuccessForCheckout" time="0.0">
    <ignored/>
  </testcase> <!-- createModuleTestSuccessForCheckout -->
</testsuite> <!-- Default test -->
