<?xml version="1.0" encoding="UTF-8"?>
<!-- Generated by org.testng.reporters.JUnitXMLReporter -->
<testsuite ignored="0" hostname="INLEN8520070112" failures="0" tests="86" name="Test" time="4.742" errors="0" timestamp="2023-10-09T15:42:09 IST">
  <testcase classname="com.qa.tests.TestRunner" name="createModuleTestDB" time="2.398"/>
  <testcase classname="com.qa.tests.TestRunner" name="createModuleTestDB" time="0.039"/>
  <testcase classname="com.qa.tests.TestRunner" name="createModuleTestDB" time="0.031"/>
  <testcase classname="com.qa.tests.TestRunner" name="createModuleTestDB" time="0.03"/>
  <testcase classname="com.qa.tests.TestRunner" name="createModuleTestDB" time="0.035"/>
  <testcase classname="com.qa.tests.TestRunner" name="createModuleTestDB" time="0.041"/>
  <testcase classname="com.qa.tests.TestRunner" name="createModuleTestFunctional" time="0.042"/>
  <testcase classname="com.qa.tests.TestRunner" name="createModuleTestFunctional" time="0.035"/>
  <testcase classname="com.qa.tests.TestRunner" name="createModuleTestFunctional" time="0.037"/>
  <testcase classname="com.qa.tests.TestRunner" name="createModuleTestFunctional" time="0.033"/>
  <testcase classname="com.qa.tests.TestRunner" name="createModuleTestFunctional" time="0.032"/>
  <testcase classname="com.qa.tests.TestRunner" name="createModuleTestSuccessForCheckout" time="0.037"/>
  <testcase classname="com.qa.tests.TestRunner" name="createModuleTestSuccessForCheckout" time="0.038"/>
  <testcase classname="com.qa.tests.TestRunner" name="createModuleTestSuccessForCheckout" time="0.045"/>
  <testcase classname="com.qa.tests.TestRunner" name="createModuleTestSuccessForCheckout" time="0.038"/>
  <testcase classname="com.qa.tests.TestRunner" name="createModuleTestSuccessForCheckout" time="0.029"/>
  <testcase classname="com.qa.tests.TestRunner" name="createModuleTestSuccessForCheckout" time="0.03"/>
  <testcase classname="com.qa.tests.TestRunner" name="createModuleTestSuccessForCheckout" time="0.025"/>
  <testcase classname="com.qa.tests.TestRunner" name="createModuleTestSuccessForCheckout" time="0.029"/>
  <testcase classname="com.qa.tests.TestRunner" name="createModuleTestSuccessForCheckout" time="0.025"/>
  <testcase classname="com.qa.tests.TestRunner" name="createModuleTestSuccessForCheckout" time="0.026"/>
  <testcase classname="com.qa.tests.TestRunner" name="createModuleTestSuccessForCheckout" time="0.026"/>
  <testcase classname="com.qa.tests.TestRunner" name="createModuleTestSuccessForCheckout" time="0.026"/>
  <testcase classname="com.qa.tests.TestRunner" name="createModuleTestSuccessForCheckout" time="0.026"/>
  <testcase classname="com.qa.tests.TestRunner" name="createModuleTestSuccessForCheckout" time="0.025"/>
  <testcase classname="com.qa.tests.TestRunner" name="createModuleTestSuccessForCheckout" time="0.03"/>
  <testcase classname="com.qa.tests.TestRunner" name="createModuleTestSuccessForCheckout" time="0.024"/>
  <testcase classname="com.qa.tests.TestRunner" name="createModuleTestSuccessForCheckout" time="0.024"/>
  <testcase classname="com.qa.tests.TestRunner" name="createModuleTestSuccessForCheckout" time="0.024"/>
  <testcase classname="com.qa.tests.TestRunner" name="createModuleTestSuccessForCheckout" time="0.025"/>
  <testcase classname="com.qa.tests.TestRunner" name="createModuleTestSuccessForCheckout" time="0.021"/>
  <testcase classname="com.qa.tests.TestRunner" name="createModuleTestSuccessForCheckout" time="0.026"/>
  <testcase classname="com.qa.tests.TestRunner" name="createModuleTestSuccessForCheckout" time="0.026"/>
  <testcase classname="com.qa.tests.TestRunner" name="createModuleTestSuccessForCheckout" time="0.024"/>
  <testcase classname="com.qa.tests.TestRunner" name="createModuleTestSuccessForCheckout" time="0.024"/>
  <testcase classname="com.qa.tests.TestRunner" name="createModuleTestSuccessForCheckout" time="0.022"/>
  <testcase classname="com.qa.tests.TestRunner" name="createModuleTestSuccessForCheckout" time="0.023"/>
  <testcase classname="com.qa.tests.TestRunner" name="createModuleTestSuccessForCheckout" time="0.025"/>
  <testcase classname="com.qa.tests.TestRunner" name="createModuleTestSuccessForCheckout" time="0.023"/>
  <testcase classname="com.qa.tests.TestRunner" name="createModuleTestSuccessForCheckout" time="0.023"/>
  <testcase classname="com.qa.tests.TestRunner" name="createModuleTestSuccessForCheckout" time="0.025"/>
  <testcase classname="com.qa.tests.TestRunner" name="createModuleTestSuccessForCheckout" time="0.025"/>
  <testcase classname="com.qa.tests.TestRunner" name="createModuleTestSuccessForCheckout" time="0.028"/>
  <testcase classname="com.qa.tests.TestRunner" name="createModuleTestSuccessForCheckout" time="0.027"/>
  <testcase classname="com.qa.tests.TestRunner" name="createModuleTestSuccessForCheckout" time="0.025"/>
  <testcase classname="com.qa.tests.TestRunner" name="createModuleTestSuccessForCheckout" time="0.027"/>
  <testcase classname="com.qa.tests.TestRunner" name="createModuleTestSuccessForCheckout" time="0.025"/>
  <testcase classname="com.qa.tests.TestRunner" name="createModuleTestSuccessForCheckout" time="0.023"/>
  <testcase classname="com.qa.tests.TestRunner" name="createModuleTestSuccessForCheckout" time="0.02"/>
  <testcase classname="com.qa.tests.TestRunner" name="createModuleTestSuccessForLoan" time="0.026"/>
  <testcase classname="com.qa.tests.TestRunner" name="createModuleTestSuccessForLoan" time="0.021"/>
  <testcase classname="com.qa.tests.TestRunner" name="createModuleTestSuccessForLoan" time="0.023"/>
  <testcase classname="com.qa.tests.TestRunner" name="createModuleTestSuccessForLoan" time="0.021"/>
  <testcase classname="com.qa.tests.TestRunner" name="createModuleTestSuccessForLoan" time="0.02"/>
  <testcase classname="com.qa.tests.TestRunner" name="createModuleTestSuccessForLoan" time="0.021"/>
  <testcase classname="com.qa.tests.TestRunner" name="createModuleTestSuccessForLoan" time="0.021"/>
  <testcase classname="com.qa.tests.TestRunner" name="createModuleTestSuccessForLoan" time="0.021"/>
  <testcase classname="com.qa.tests.TestRunner" name="createModuleTestSuccessForLoan" time="0.021"/>
  <testcase classname="com.qa.tests.TestRunner" name="createModuleTestSuccessForLoan" time="0.02"/>
  <testcase classname="com.qa.tests.TestRunner" name="createModuleTestSuccessForLoan" time="0.021"/>
  <testcase classname="com.qa.tests.TestRunner" name="createModuleTestSuccessForLoan" time="0.023"/>
  <testcase classname="com.qa.tests.TestRunner" name="createModuleTestSuccessForLoan" time="0.023"/>
  <testcase classname="com.qa.tests.TestRunner" name="createModuleTestSuccessForLoan" time="0.021"/>
  <testcase classname="com.qa.tests.TestRunner" name="createModuleTestSuccessForLoan" time="0.047"/>
  <testcase classname="com.qa.tests.TestRunner" name="createModuleTestSuccessForLoan" time="0.025"/>
  <testcase classname="com.qa.tests.TestRunner" name="createModuleTestSuccessForLoan" time="0.024"/>
  <testcase classname="com.qa.tests.TestRunner" name="createModuleTestSuccessForLoan" time="0.021"/>
  <testcase classname="com.qa.tests.TestRunner" name="createModuleTestSuccessForLoan" time="0.026"/>
  <testcase classname="com.qa.tests.TestRunner" name="createModuleTestSuccessForLoan" time="0.029"/>
  <testcase classname="com.qa.tests.TestRunner" name="createModuleTestSuccessForLoan" time="0.025"/>
  <testcase classname="com.qa.tests.TestRunner" name="createModuleTestSuccessForLoan" time="0.026"/>
  <testcase classname="com.qa.tests.TestRunner" name="createModuleTestSuccessForLoan" time="0.022"/>
  <testcase classname="com.qa.tests.TestRunner" name="createModuleTestSuccessForLoan" time="0.026"/>
  <testcase classname="com.qa.tests.TestRunner" name="createModuleTestSuccessForLoan" time="0.024"/>
  <testcase classname="com.qa.tests.TestRunner" name="createModuleTestSuccessForLoan" time="0.026"/>
  <testcase classname="com.qa.tests.TestRunner" name="createModuleTestSuccessForLoan" time="0.025"/>
  <testcase classname="com.qa.tests.TestRunner" name="createModuleTestSuccessForLoan" time="0.026"/>
  <testcase classname="com.qa.tests.TestRunner" name="createModuleTestSuccessForLoan" time="0.022"/>
  <testcase classname="com.qa.tests.TestRunner" name="createModuleTestSuccessForLoan" time="0.02"/>
  <testcase classname="com.qa.tests.TestRunner" name="createModuleTestSuccessForLoan" time="0.022"/>
  <testcase classname="com.qa.tests.TestRunner" name="createModuleTestSuccessForLoan" time="0.02"/>
  <testcase classname="com.qa.tests.TestRunner" name="createModuleTestSuccessForLoan" time="0.021"/>
  <testcase classname="com.qa.tests.TestRunner" name="createModuleTestSuccessForLoan" time="0.021"/>
  <testcase classname="com.qa.tests.TestRunner" name="createModuleTestSuccessForLoan" time="0.024"/>
  <testcase classname="com.qa.tests.TestRunner" name="createModuleTestSuccessForLoan" time="0.02"/>
  <testcase classname="com.qa.tests.TestRunner" name="createModuleTestSuccessForLoan" time="0.023"/>
</testsuite> <!-- Test -->
