<?xml version="1.0" encoding="UTF-8"?>
<testng-results skipped="0" failed="0" ignored="0" total="86" passed="86">
  <reporter-output>
  </reporter-output>
  <suite name="Suite" duration-ms="2589350" started-at="2023-10-09T18:28:19 IST" finished-at="2023-10-09T19:11:29 IST">
    <groups>
    </groups>
    <test name="Test" duration-ms="2589350" started-at="2023-10-09T18:28:19 IST" finished-at="2023-10-09T19:11:29 IST">
      <class name="com.qa.tests.TestRunner">
        <test-method status="PASS" signature="createModuleTestDB()[pri:0, instance:com.qa.tests.TestRunner@50b494a6]" name="createModuleTestDB" duration-ms="33376" started-at="2023-10-09T18:28:19 IST" finished-at="2023-10-09T18:28:53 IST">
          <reporter-output>
          </reporter-output>
        </test-method> <!-- createModuleTestDB -->
        <test-method status="PASS" signature="createModuleTestDB()[pri:0, instance:com.qa.tests.TestRunner@50b494a6]" name="createModuleTestDB" duration-ms="30073" started-at="2023-10-09T18:28:53 IST" finished-at="2023-10-09T18:29:23 IST">
          <reporter-output>
          </reporter-output>
        </test-method> <!-- createModuleTestDB -->
        <test-method status="PASS" signature="createModuleTestDB()[pri:0, instance:com.qa.tests.TestRunner@50b494a6]" name="createModuleTestDB" duration-ms="30048" started-at="2023-10-09T18:29:23 IST" finished-at="2023-10-09T18:29:53 IST">
          <reporter-output>
          </reporter-output>
        </test-method> <!-- createModuleTestDB -->
        <test-method status="PASS" signature="createModuleTestDB()[pri:0, instance:com.qa.tests.TestRunner@50b494a6]" name="createModuleTestDB" duration-ms="30060" started-at="2023-10-09T18:29:53 IST" finished-at="2023-10-09T18:30:23 IST">
          <reporter-output>
          </reporter-output>
        </test-method> <!-- createModuleTestDB -->
        <test-method status="PASS" signature="createModuleTestDB()[pri:0, instance:com.qa.tests.TestRunner@50b494a6]" name="createModuleTestDB" duration-ms="30056" started-at="2023-10-09T18:30:23 IST" finished-at="2023-10-09T18:30:53 IST">
          <reporter-output>
          </reporter-output>
        </test-method> <!-- createModuleTestDB -->
        <test-method status="PASS" signature="createModuleTestDB()[pri:0, instance:com.qa.tests.TestRunner@50b494a6]" name="createModuleTestDB" duration-ms="30068" started-at="2023-10-09T18:30:53 IST" finished-at="2023-10-09T18:31:23 IST">
          <reporter-output>
          </reporter-output>
        </test-method> <!-- createModuleTestDB -->
        <test-method status="PASS" signature="createModuleTestFunctional()[pri:0, instance:com.qa.tests.TestRunner@50b494a6]" name="createModuleTestFunctional" duration-ms="30047" started-at="2023-10-09T18:31:23 IST" finished-at="2023-10-09T18:31:53 IST">
          <reporter-output>
          </reporter-output>
        </test-method> <!-- createModuleTestFunctional -->
        <test-method status="PASS" signature="createModuleTestFunctional()[pri:0, instance:com.qa.tests.TestRunner@50b494a6]" name="createModuleTestFunctional" duration-ms="30062" started-at="2023-10-09T18:31:53 IST" finished-at="2023-10-09T18:32:23 IST">
          <reporter-output>
          </reporter-output>
        </test-method> <!-- createModuleTestFunctional -->
        <test-method status="PASS" signature="createModuleTestFunctional()[pri:0, instance:com.qa.tests.TestRunner@50b494a6]" name="createModuleTestFunctional" duration-ms="30076" started-at="2023-10-09T18:32:23 IST" finished-at="2023-10-09T18:32:53 IST">
          <reporter-output>
          </reporter-output>
        </test-method> <!-- createModuleTestFunctional -->
        <test-method status="PASS" signature="createModuleTestFunctional()[pri:0, instance:com.qa.tests.TestRunner@50b494a6]" name="createModuleTestFunctional" duration-ms="30070" started-at="2023-10-09T18:32:53 IST" finished-at="2023-10-09T18:33:23 IST">
          <reporter-output>
          </reporter-output>
        </test-method> <!-- createModuleTestFunctional -->
        <test-method status="PASS" signature="createModuleTestFunctional()[pri:0, instance:com.qa.tests.TestRunner@50b494a6]" name="createModuleTestFunctional" duration-ms="30066" started-at="2023-10-09T18:33:23 IST" finished-at="2023-10-09T18:33:53 IST">
          <reporter-output>
          </reporter-output>
        </test-method> <!-- createModuleTestFunctional -->
        <test-method status="PASS" signature="createModuleTestSuccessForCheckout()[pri:0, instance:com.qa.tests.TestRunner@50b494a6]" name="createModuleTestSuccessForCheckout" duration-ms="30055" started-at="2023-10-09T18:33:53 IST" finished-at="2023-10-09T18:34:23 IST">
          <reporter-output>
          </reporter-output>
        </test-method> <!-- createModuleTestSuccessForCheckout -->
        <test-method status="PASS" signature="createModuleTestSuccessForCheckout()[pri:0, instance:com.qa.tests.TestRunner@50b494a6]" name="createModuleTestSuccessForCheckout" duration-ms="30207" started-at="2023-10-09T18:34:23 IST" finished-at="2023-10-09T18:34:53 IST">
          <reporter-output>
          </reporter-output>
        </test-method> <!-- createModuleTestSuccessForCheckout -->
        <test-method status="PASS" signature="createModuleTestSuccessForCheckout()[pri:0, instance:com.qa.tests.TestRunner@50b494a6]" name="createModuleTestSuccessForCheckout" duration-ms="30093" started-at="2023-10-09T18:34:53 IST" finished-at="2023-10-09T18:35:24 IST">
          <reporter-output>
          </reporter-output>
        </test-method> <!-- createModuleTestSuccessForCheckout -->
        <test-method status="PASS" signature="createModuleTestSuccessForCheckout()[pri:0, instance:com.qa.tests.TestRunner@50b494a6]" name="createModuleTestSuccessForCheckout" duration-ms="30098" started-at="2023-10-09T18:35:24 IST" finished-at="2023-10-09T18:35:54 IST">
          <reporter-output>
          </reporter-output>
        </test-method> <!-- createModuleTestSuccessForCheckout -->
        <test-method status="PASS" signature="createModuleTestSuccessForCheckout()[pri:0, instance:com.qa.tests.TestRunner@50b494a6]" name="createModuleTestSuccessForCheckout" duration-ms="30103" started-at="2023-10-09T18:35:54 IST" finished-at="2023-10-09T18:36:24 IST">
          <reporter-output>
          </reporter-output>
        </test-method> <!-- createModuleTestSuccessForCheckout -->
        <test-method status="PASS" signature="createModuleTestSuccessForCheckout()[pri:0, instance:com.qa.tests.TestRunner@50b494a6]" name="createModuleTestSuccessForCheckout" duration-ms="30051" started-at="2023-10-09T18:36:24 IST" finished-at="2023-10-09T18:36:54 IST">
          <reporter-output>
          </reporter-output>
        </test-method> <!-- createModuleTestSuccessForCheckout -->
        <test-method status="PASS" signature="createModuleTestSuccessForCheckout()[pri:0, instance:com.qa.tests.TestRunner@50b494a6]" name="createModuleTestSuccessForCheckout" duration-ms="30073" started-at="2023-10-09T18:36:54 IST" finished-at="2023-10-09T18:37:24 IST">
          <reporter-output>
          </reporter-output>
        </test-method> <!-- createModuleTestSuccessForCheckout -->
        <test-method status="PASS" signature="createModuleTestSuccessForCheckout()[pri:0, instance:com.qa.tests.TestRunner@50b494a6]" name="createModuleTestSuccessForCheckout" duration-ms="30066" started-at="2023-10-09T18:37:24 IST" finished-at="2023-10-09T18:37:54 IST">
          <reporter-output>
          </reporter-output>
        </test-method> <!-- createModuleTestSuccessForCheckout -->
        <test-method status="PASS" signature="createModuleTestSuccessForCheckout()[pri:0, instance:com.qa.tests.TestRunner@50b494a6]" name="createModuleTestSuccessForCheckout" duration-ms="30058" started-at="2023-10-09T18:37:54 IST" finished-at="2023-10-09T18:38:24 IST">
          <reporter-output>
          </reporter-output>
        </test-method> <!-- createModuleTestSuccessForCheckout -->
        <test-method status="PASS" signature="createModuleTestSuccessForCheckout()[pri:0, instance:com.qa.tests.TestRunner@50b494a6]" name="createModuleTestSuccessForCheckout" duration-ms="30072" started-at="2023-10-09T18:38:24 IST" finished-at="2023-10-09T18:38:54 IST">
          <reporter-output>
          </reporter-output>
        </test-method> <!-- createModuleTestSuccessForCheckout -->
        <test-method status="PASS" signature="createModuleTestSuccessForCheckout()[pri:0, instance:com.qa.tests.TestRunner@50b494a6]" name="createModuleTestSuccessForCheckout" duration-ms="30066" started-at="2023-10-09T18:38:54 IST" finished-at="2023-10-09T18:39:24 IST">
          <reporter-output>
          </reporter-output>
        </test-method> <!-- createModuleTestSuccessForCheckout -->
        <test-method status="PASS" signature="createModuleTestSuccessForCheckout()[pri:0, instance:com.qa.tests.TestRunner@50b494a6]" name="createModuleTestSuccessForCheckout" duration-ms="30063" started-at="2023-10-09T18:39:24 IST" finished-at="2023-10-09T18:39:54 IST">
          <reporter-output>
          </reporter-output>
        </test-method> <!-- createModuleTestSuccessForCheckout -->
        <test-method status="PASS" signature="createModuleTestSuccessForCheckout()[pri:0, instance:com.qa.tests.TestRunner@50b494a6]" name="createModuleTestSuccessForCheckout" duration-ms="30058" started-at="2023-10-09T18:39:54 IST" finished-at="2023-10-09T18:40:24 IST">
          <reporter-output>
          </reporter-output>
        </test-method> <!-- createModuleTestSuccessForCheckout -->
        <test-method status="PASS" signature="createModuleTestSuccessForCheckout()[pri:0, instance:com.qa.tests.TestRunner@50b494a6]" name="createModuleTestSuccessForCheckout" duration-ms="30065" started-at="2023-10-09T18:40:24 IST" finished-at="2023-10-09T18:40:54 IST">
          <reporter-output>
          </reporter-output>
        </test-method> <!-- createModuleTestSuccessForCheckout -->
        <test-method status="PASS" signature="createModuleTestSuccessForCheckout()[pri:0, instance:com.qa.tests.TestRunner@50b494a6]" name="createModuleTestSuccessForCheckout" duration-ms="30095" started-at="2023-10-09T18:40:54 IST" finished-at="2023-10-09T18:41:24 IST">
          <reporter-output>
          </reporter-output>
        </test-method> <!-- createModuleTestSuccessForCheckout -->
        <test-method status="PASS" signature="createModuleTestSuccessForCheckout()[pri:0, instance:com.qa.tests.TestRunner@50b494a6]" name="createModuleTestSuccessForCheckout" duration-ms="30118" started-at="2023-10-09T18:41:24 IST" finished-at="2023-10-09T18:41:55 IST">
          <reporter-output>
          </reporter-output>
        </test-method> <!-- createModuleTestSuccessForCheckout -->
        <test-method status="PASS" signature="createModuleTestSuccessForCheckout()[pri:0, instance:com.qa.tests.TestRunner@50b494a6]" name="createModuleTestSuccessForCheckout" duration-ms="30085" started-at="2023-10-09T18:41:55 IST" finished-at="2023-10-09T18:42:25 IST">
          <reporter-output>
          </reporter-output>
        </test-method> <!-- createModuleTestSuccessForCheckout -->
        <test-method status="PASS" signature="createModuleTestSuccessForCheckout()[pri:0, instance:com.qa.tests.TestRunner@50b494a6]" name="createModuleTestSuccessForCheckout" duration-ms="30125" started-at="2023-10-09T18:42:25 IST" finished-at="2023-10-09T18:42:55 IST">
          <reporter-output>
          </reporter-output>
        </test-method> <!-- createModuleTestSuccessForCheckout -->
        <test-method status="PASS" signature="createModuleTestSuccessForCheckout()[pri:0, instance:com.qa.tests.TestRunner@50b494a6]" name="createModuleTestSuccessForCheckout" duration-ms="30069" started-at="2023-10-09T18:42:55 IST" finished-at="2023-10-09T18:43:25 IST">
          <reporter-output>
          </reporter-output>
        </test-method> <!-- createModuleTestSuccessForCheckout -->
        <test-method status="PASS" signature="createModuleTestSuccessForCheckout()[pri:0, instance:com.qa.tests.TestRunner@50b494a6]" name="createModuleTestSuccessForCheckout" duration-ms="30065" started-at="2023-10-09T18:43:25 IST" finished-at="2023-10-09T18:43:55 IST">
          <reporter-output>
          </reporter-output>
        </test-method> <!-- createModuleTestSuccessForCheckout -->
        <test-method status="PASS" signature="createModuleTestSuccessForCheckout()[pri:0, instance:com.qa.tests.TestRunner@50b494a6]" name="createModuleTestSuccessForCheckout" duration-ms="30056" started-at="2023-10-09T18:43:55 IST" finished-at="2023-10-09T18:44:25 IST">
          <reporter-output>
          </reporter-output>
        </test-method> <!-- createModuleTestSuccessForCheckout -->
        <test-method status="PASS" signature="createModuleTestSuccessForCheckout()[pri:0, instance:com.qa.tests.TestRunner@50b494a6]" name="createModuleTestSuccessForCheckout" duration-ms="30085" started-at="2023-10-09T18:44:25 IST" finished-at="2023-10-09T18:44:55 IST">
          <reporter-output>
          </reporter-output>
        </test-method> <!-- createModuleTestSuccessForCheckout -->
        <test-method status="PASS" signature="createModuleTestSuccessForCheckout()[pri:0, instance:com.qa.tests.TestRunner@50b494a6]" name="createModuleTestSuccessForCheckout" duration-ms="30070" started-at="2023-10-09T18:44:55 IST" finished-at="2023-10-09T18:45:25 IST">
          <reporter-output>
          </reporter-output>
        </test-method> <!-- createModuleTestSuccessForCheckout -->
        <test-method status="PASS" signature="createModuleTestSuccessForCheckout()[pri:0, instance:com.qa.tests.TestRunner@50b494a6]" name="createModuleTestSuccessForCheckout" duration-ms="30035" started-at="2023-10-09T18:45:25 IST" finished-at="2023-10-09T18:45:55 IST">
          <reporter-output>
          </reporter-output>
        </test-method> <!-- createModuleTestSuccessForCheckout -->
        <test-method status="PASS" signature="createModuleTestSuccessForCheckout()[pri:0, instance:com.qa.tests.TestRunner@50b494a6]" name="createModuleTestSuccessForCheckout" duration-ms="30066" started-at="2023-10-09T18:45:55 IST" finished-at="2023-10-09T18:46:25 IST">
          <reporter-output>
          </reporter-output>
        </test-method> <!-- createModuleTestSuccessForCheckout -->
        <test-method status="PASS" signature="createModuleTestSuccessForCheckout()[pri:0, instance:com.qa.tests.TestRunner@50b494a6]" name="createModuleTestSuccessForCheckout" duration-ms="30071" started-at="2023-10-09T18:46:25 IST" finished-at="2023-10-09T18:46:55 IST">
          <reporter-output>
          </reporter-output>
        </test-method> <!-- createModuleTestSuccessForCheckout -->
        <test-method status="PASS" signature="createModuleTestSuccessForCheckout()[pri:0, instance:com.qa.tests.TestRunner@50b494a6]" name="createModuleTestSuccessForCheckout" duration-ms="30059" started-at="2023-10-09T18:46:55 IST" finished-at="2023-10-09T18:47:25 IST">
          <reporter-output>
          </reporter-output>
        </test-method> <!-- createModuleTestSuccessForCheckout -->
        <test-method status="PASS" signature="createModuleTestSuccessForCheckout()[pri:0, instance:com.qa.tests.TestRunner@50b494a6]" name="createModuleTestSuccessForCheckout" duration-ms="30058" started-at="2023-10-09T18:47:25 IST" finished-at="2023-10-09T18:47:55 IST">
          <reporter-output>
          </reporter-output>
        </test-method> <!-- createModuleTestSuccessForCheckout -->
        <test-method status="PASS" signature="createModuleTestSuccessForCheckout()[pri:0, instance:com.qa.tests.TestRunner@50b494a6]" name="createModuleTestSuccessForCheckout" duration-ms="30071" started-at="2023-10-09T18:47:55 IST" finished-at="2023-10-09T18:48:25 IST">
          <reporter-output>
          </reporter-output>
        </test-method> <!-- createModuleTestSuccessForCheckout -->
        <test-method status="PASS" signature="createModuleTestSuccessForCheckout()[pri:0, instance:com.qa.tests.TestRunner@50b494a6]" name="createModuleTestSuccessForCheckout" duration-ms="30092" started-at="2023-10-09T18:48:25 IST" finished-at="2023-10-09T18:48:56 IST">
          <reporter-output>
          </reporter-output>
        </test-method> <!-- createModuleTestSuccessForCheckout -->
        <test-method status="PASS" signature="createModuleTestSuccessForCheckout()[pri:0, instance:com.qa.tests.TestRunner@50b494a6]" name="createModuleTestSuccessForCheckout" duration-ms="30059" started-at="2023-10-09T18:48:56 IST" finished-at="2023-10-09T18:49:26 IST">
          <reporter-output>
          </reporter-output>
        </test-method> <!-- createModuleTestSuccessForCheckout -->
        <test-method status="PASS" signature="createModuleTestSuccessForCheckout()[pri:0, instance:com.qa.tests.TestRunner@50b494a6]" name="createModuleTestSuccessForCheckout" duration-ms="30076" started-at="2023-10-09T18:49:26 IST" finished-at="2023-10-09T18:49:56 IST">
          <reporter-output>
          </reporter-output>
        </test-method> <!-- createModuleTestSuccessForCheckout -->
        <test-method status="PASS" signature="createModuleTestSuccessForCheckout()[pri:0, instance:com.qa.tests.TestRunner@50b494a6]" name="createModuleTestSuccessForCheckout" duration-ms="30072" started-at="2023-10-09T18:49:56 IST" finished-at="2023-10-09T18:50:26 IST">
          <reporter-output>
          </reporter-output>
        </test-method> <!-- createModuleTestSuccessForCheckout -->
        <test-method status="PASS" signature="createModuleTestSuccessForCheckout()[pri:0, instance:com.qa.tests.TestRunner@50b494a6]" name="createModuleTestSuccessForCheckout" duration-ms="30044" started-at="2023-10-09T18:50:26 IST" finished-at="2023-10-09T18:50:56 IST">
          <reporter-output>
          </reporter-output>
        </test-method> <!-- createModuleTestSuccessForCheckout -->
        <test-method status="PASS" signature="createModuleTestSuccessForCheckout()[pri:0, instance:com.qa.tests.TestRunner@50b494a6]" name="createModuleTestSuccessForCheckout" duration-ms="30093" started-at="2023-10-09T18:50:56 IST" finished-at="2023-10-09T18:51:26 IST">
          <reporter-output>
          </reporter-output>
        </test-method> <!-- createModuleTestSuccessForCheckout -->
        <test-method status="PASS" signature="createModuleTestSuccessForCheckout()[pri:0, instance:com.qa.tests.TestRunner@50b494a6]" name="createModuleTestSuccessForCheckout" duration-ms="30065" started-at="2023-10-09T18:51:26 IST" finished-at="2023-10-09T18:51:56 IST">
          <reporter-output>
          </reporter-output>
        </test-method> <!-- createModuleTestSuccessForCheckout -->
        <test-method status="PASS" signature="createModuleTestSuccessForCheckout()[pri:0, instance:com.qa.tests.TestRunner@50b494a6]" name="createModuleTestSuccessForCheckout" duration-ms="30049" started-at="2023-10-09T18:51:56 IST" finished-at="2023-10-09T18:52:26 IST">
          <reporter-output>
          </reporter-output>
        </test-method> <!-- createModuleTestSuccessForCheckout -->
        <test-method status="PASS" signature="createModuleTestSuccessForCheckout()[pri:0, instance:com.qa.tests.TestRunner@50b494a6]" name="createModuleTestSuccessForCheckout" duration-ms="30067" started-at="2023-10-09T18:52:26 IST" finished-at="2023-10-09T18:52:56 IST">
          <reporter-output>
          </reporter-output>
        </test-method> <!-- createModuleTestSuccessForCheckout -->
        <test-method status="PASS" signature="createModuleTestSuccessForLoan()[pri:0, instance:com.qa.tests.TestRunner@50b494a6]" name="createModuleTestSuccessForLoan" duration-ms="30052" started-at="2023-10-09T18:52:56 IST" finished-at="2023-10-09T18:53:26 IST">
          <reporter-output>
          </reporter-output>
        </test-method> <!-- createModuleTestSuccessForLoan -->
        <test-method status="PASS" signature="createModuleTestSuccessForLoan()[pri:0, instance:com.qa.tests.TestRunner@50b494a6]" name="createModuleTestSuccessForLoan" duration-ms="30047" started-at="2023-10-09T18:53:26 IST" finished-at="2023-10-09T18:53:56 IST">
          <reporter-output>
          </reporter-output>
        </test-method> <!-- createModuleTestSuccessForLoan -->
        <test-method status="PASS" signature="createModuleTestSuccessForLoan()[pri:0, instance:com.qa.tests.TestRunner@50b494a6]" name="createModuleTestSuccessForLoan" duration-ms="30043" started-at="2023-10-09T18:53:56 IST" finished-at="2023-10-09T18:54:26 IST">
          <reporter-output>
          </reporter-output>
        </test-method> <!-- createModuleTestSuccessForLoan -->
        <test-method status="PASS" signature="createModuleTestSuccessForLoan()[pri:0, instance:com.qa.tests.TestRunner@50b494a6]" name="createModuleTestSuccessForLoan" duration-ms="30049" started-at="2023-10-09T18:54:26 IST" finished-at="2023-10-09T18:54:56 IST">
          <reporter-output>
          </reporter-output>
        </test-method> <!-- createModuleTestSuccessForLoan -->
        <test-method status="PASS" signature="createModuleTestSuccessForLoan()[pri:0, instance:com.qa.tests.TestRunner@50b494a6]" name="createModuleTestSuccessForLoan" duration-ms="30042" started-at="2023-10-09T18:54:56 IST" finished-at="2023-10-09T18:55:26 IST">
          <reporter-output>
          </reporter-output>
        </test-method> <!-- createModuleTestSuccessForLoan -->
        <test-method status="PASS" signature="createModuleTestSuccessForLoan()[pri:0, instance:com.qa.tests.TestRunner@50b494a6]" name="createModuleTestSuccessForLoan" duration-ms="30032" started-at="2023-10-09T18:55:26 IST" finished-at="2023-10-09T18:55:56 IST">
          <reporter-output>
          </reporter-output>
        </test-method> <!-- createModuleTestSuccessForLoan -->
        <test-method status="PASS" signature="createModuleTestSuccessForLoan()[pri:0, instance:com.qa.tests.TestRunner@50b494a6]" name="createModuleTestSuccessForLoan" duration-ms="30056" started-at="2023-10-09T18:55:56 IST" finished-at="2023-10-09T18:56:26 IST">
          <reporter-output>
          </reporter-output>
        </test-method> <!-- createModuleTestSuccessForLoan -->
        <test-method status="PASS" signature="createModuleTestSuccessForLoan()[pri:0, instance:com.qa.tests.TestRunner@50b494a6]" name="createModuleTestSuccessForLoan" duration-ms="30172" started-at="2023-10-09T18:56:26 IST" finished-at="2023-10-09T18:56:57 IST">
          <reporter-output>
          </reporter-output>
        </test-method> <!-- createModuleTestSuccessForLoan -->
        <test-method status="PASS" signature="createModuleTestSuccessForLoan()[pri:0, instance:com.qa.tests.TestRunner@50b494a6]" name="createModuleTestSuccessForLoan" duration-ms="30060" started-at="2023-10-09T18:56:57 IST" finished-at="2023-10-09T18:57:27 IST">
          <reporter-output>
          </reporter-output>
        </test-method> <!-- createModuleTestSuccessForLoan -->
        <test-method status="PASS" signature="createModuleTestSuccessForLoan()[pri:0, instance:com.qa.tests.TestRunner@50b494a6]" name="createModuleTestSuccessForLoan" duration-ms="30094" started-at="2023-10-09T18:57:27 IST" finished-at="2023-10-09T18:57:57 IST">
          <reporter-output>
          </reporter-output>
        </test-method> <!-- createModuleTestSuccessForLoan -->
        <test-method status="PASS" signature="createModuleTestSuccessForLoan()[pri:0, instance:com.qa.tests.TestRunner@50b494a6]" name="createModuleTestSuccessForLoan" duration-ms="30058" started-at="2023-10-09T18:57:57 IST" finished-at="2023-10-09T18:58:27 IST">
          <reporter-output>
          </reporter-output>
        </test-method> <!-- createModuleTestSuccessForLoan -->
        <test-method status="PASS" signature="createModuleTestSuccessForLoan()[pri:0, instance:com.qa.tests.TestRunner@50b494a6]" name="createModuleTestSuccessForLoan" duration-ms="30075" started-at="2023-10-09T18:58:27 IST" finished-at="2023-10-09T18:58:57 IST">
          <reporter-output>
          </reporter-output>
        </test-method> <!-- createModuleTestSuccessForLoan -->
        <test-method status="PASS" signature="createModuleTestSuccessForLoan()[pri:0, instance:com.qa.tests.TestRunner@50b494a6]" name="createModuleTestSuccessForLoan" duration-ms="30068" started-at="2023-10-09T18:58:57 IST" finished-at="2023-10-09T18:59:27 IST">
          <reporter-output>
          </reporter-output>
        </test-method> <!-- createModuleTestSuccessForLoan -->
        <test-method status="PASS" signature="createModuleTestSuccessForLoan()[pri:0, instance:com.qa.tests.TestRunner@50b494a6]" name="createModuleTestSuccessForLoan" duration-ms="30059" started-at="2023-10-09T18:59:27 IST" finished-at="2023-10-09T18:59:57 IST">
          <reporter-output>
          </reporter-output>
        </test-method> <!-- createModuleTestSuccessForLoan -->
        <test-method status="PASS" signature="createModuleTestSuccessForLoan()[pri:0, instance:com.qa.tests.TestRunner@50b494a6]" name="createModuleTestSuccessForLoan" duration-ms="30122" started-at="2023-10-09T18:59:57 IST" finished-at="2023-10-09T19:00:27 IST">
          <reporter-output>
          </reporter-output>
        </test-method> <!-- createModuleTestSuccessForLoan -->
        <test-method status="PASS" signature="createModuleTestSuccessForLoan()[pri:0, instance:com.qa.tests.TestRunner@50b494a6]" name="createModuleTestSuccessForLoan" duration-ms="30071" started-at="2023-10-09T19:00:27 IST" finished-at="2023-10-09T19:00:57 IST">
          <reporter-output>
          </reporter-output>
        </test-method> <!-- createModuleTestSuccessForLoan -->
        <test-method status="PASS" signature="createModuleTestSuccessForLoan()[pri:0, instance:com.qa.tests.TestRunner@50b494a6]" name="createModuleTestSuccessForLoan" duration-ms="30046" started-at="2023-10-09T19:00:57 IST" finished-at="2023-10-09T19:01:27 IST">
          <reporter-output>
          </reporter-output>
        </test-method> <!-- createModuleTestSuccessForLoan -->
        <test-method status="PASS" signature="createModuleTestSuccessForLoan()[pri:0, instance:com.qa.tests.TestRunner@50b494a6]" name="createModuleTestSuccessForLoan" duration-ms="30037" started-at="2023-10-09T19:01:27 IST" finished-at="2023-10-09T19:01:57 IST">
          <reporter-output>
          </reporter-output>
        </test-method> <!-- createModuleTestSuccessForLoan -->
        <test-method status="PASS" signature="createModuleTestSuccessForLoan()[pri:0, instance:com.qa.tests.TestRunner@50b494a6]" name="createModuleTestSuccessForLoan" duration-ms="30048" started-at="2023-10-09T19:01:57 IST" finished-at="2023-10-09T19:02:27 IST">
          <reporter-output>
          </reporter-output>
        </test-method> <!-- createModuleTestSuccessForLoan -->
        <test-method status="PASS" signature="createModuleTestSuccessForLoan()[pri:0, instance:com.qa.tests.TestRunner@50b494a6]" name="createModuleTestSuccessForLoan" duration-ms="30058" started-at="2023-10-09T19:02:27 IST" finished-at="2023-10-09T19:02:57 IST">
          <reporter-output>
          </reporter-output>
        </test-method> <!-- createModuleTestSuccessForLoan -->
        <test-method status="PASS" signature="createModuleTestSuccessForLoan()[pri:0, instance:com.qa.tests.TestRunner@50b494a6]" name="createModuleTestSuccessForLoan" duration-ms="30066" started-at="2023-10-09T19:02:57 IST" finished-at="2023-10-09T19:03:27 IST">
          <reporter-output>
          </reporter-output>
        </test-method> <!-- createModuleTestSuccessForLoan -->
        <test-method status="PASS" signature="createModuleTestSuccessForLoan()[pri:0, instance:com.qa.tests.TestRunner@50b494a6]" name="createModuleTestSuccessForLoan" duration-ms="30063" started-at="2023-10-09T19:03:27 IST" finished-at="2023-10-09T19:03:58 IST">
          <reporter-output>
          </reporter-output>
        </test-method> <!-- createModuleTestSuccessForLoan -->
        <test-method status="PASS" signature="createModuleTestSuccessForLoan()[pri:0, instance:com.qa.tests.TestRunner@50b494a6]" name="createModuleTestSuccessForLoan" duration-ms="30056" started-at="2023-10-09T19:03:58 IST" finished-at="2023-10-09T19:04:28 IST">
          <reporter-output>
          </reporter-output>
        </test-method> <!-- createModuleTestSuccessForLoan -->
        <test-method status="PASS" signature="createModuleTestSuccessForLoan()[pri:0, instance:com.qa.tests.TestRunner@50b494a6]" name="createModuleTestSuccessForLoan" duration-ms="30049" started-at="2023-10-09T19:04:28 IST" finished-at="2023-10-09T19:04:58 IST">
          <reporter-output>
          </reporter-output>
        </test-method> <!-- createModuleTestSuccessForLoan -->
        <test-method status="PASS" signature="createModuleTestSuccessForLoan()[pri:0, instance:com.qa.tests.TestRunner@50b494a6]" name="createModuleTestSuccessForLoan" duration-ms="30053" started-at="2023-10-09T19:04:58 IST" finished-at="2023-10-09T19:05:28 IST">
          <reporter-output>
          </reporter-output>
        </test-method> <!-- createModuleTestSuccessForLoan -->
        <test-method status="PASS" signature="createModuleTestSuccessForLoan()[pri:0, instance:com.qa.tests.TestRunner@50b494a6]" name="createModuleTestSuccessForLoan" duration-ms="30059" started-at="2023-10-09T19:05:28 IST" finished-at="2023-10-09T19:05:58 IST">
          <reporter-output>
          </reporter-output>
        </test-method> <!-- createModuleTestSuccessForLoan -->
        <test-method status="PASS" signature="createModuleTestSuccessForLoan()[pri:0, instance:com.qa.tests.TestRunner@50b494a6]" name="createModuleTestSuccessForLoan" duration-ms="30048" started-at="2023-10-09T19:05:58 IST" finished-at="2023-10-09T19:06:28 IST">
          <reporter-output>
          </reporter-output>
        </test-method> <!-- createModuleTestSuccessForLoan -->
        <test-method status="PASS" signature="createModuleTestSuccessForLoan()[pri:0, instance:com.qa.tests.TestRunner@50b494a6]" name="createModuleTestSuccessForLoan" duration-ms="30065" started-at="2023-10-09T19:06:28 IST" finished-at="2023-10-09T19:06:58 IST">
          <reporter-output>
          </reporter-output>
        </test-method> <!-- createModuleTestSuccessForLoan -->
        <test-method status="PASS" signature="createModuleTestSuccessForLoan()[pri:0, instance:com.qa.tests.TestRunner@50b494a6]" name="createModuleTestSuccessForLoan" duration-ms="30054" started-at="2023-10-09T19:06:58 IST" finished-at="2023-10-09T19:07:28 IST">
          <reporter-output>
          </reporter-output>
        </test-method> <!-- createModuleTestSuccessForLoan -->
        <test-method status="PASS" signature="createModuleTestSuccessForLoan()[pri:0, instance:com.qa.tests.TestRunner@50b494a6]" name="createModuleTestSuccessForLoan" duration-ms="30054" started-at="2023-10-09T19:07:28 IST" finished-at="2023-10-09T19:07:58 IST">
          <reporter-output>
          </reporter-output>
        </test-method> <!-- createModuleTestSuccessForLoan -->
        <test-method status="PASS" signature="createModuleTestSuccessForLoan()[pri:0, instance:com.qa.tests.TestRunner@50b494a6]" name="createModuleTestSuccessForLoan" duration-ms="30063" started-at="2023-10-09T19:07:58 IST" finished-at="2023-10-09T19:08:28 IST">
          <reporter-output>
          </reporter-output>
        </test-method> <!-- createModuleTestSuccessForLoan -->
        <test-method status="PASS" signature="createModuleTestSuccessForLoan()[pri:0, instance:com.qa.tests.TestRunner@50b494a6]" name="createModuleTestSuccessForLoan" duration-ms="30083" started-at="2023-10-09T19:08:28 IST" finished-at="2023-10-09T19:08:58 IST">
          <reporter-output>
          </reporter-output>
        </test-method> <!-- createModuleTestSuccessForLoan -->
        <test-method status="PASS" signature="createModuleTestSuccessForLoan()[pri:0, instance:com.qa.tests.TestRunner@50b494a6]" name="createModuleTestSuccessForLoan" duration-ms="30069" started-at="2023-10-09T19:08:58 IST" finished-at="2023-10-09T19:09:28 IST">
          <reporter-output>
          </reporter-output>
        </test-method> <!-- createModuleTestSuccessForLoan -->
        <test-method status="PASS" signature="createModuleTestSuccessForLoan()[pri:0, instance:com.qa.tests.TestRunner@50b494a6]" name="createModuleTestSuccessForLoan" duration-ms="30053" started-at="2023-10-09T19:09:28 IST" finished-at="2023-10-09T19:09:58 IST">
          <reporter-output>
          </reporter-output>
        </test-method> <!-- createModuleTestSuccessForLoan -->
        <test-method status="PASS" signature="createModuleTestSuccessForLoan()[pri:0, instance:com.qa.tests.TestRunner@50b494a6]" name="createModuleTestSuccessForLoan" duration-ms="30046" started-at="2023-10-09T19:09:58 IST" finished-at="2023-10-09T19:10:28 IST">
          <reporter-output>
          </reporter-output>
        </test-method> <!-- createModuleTestSuccessForLoan -->
        <test-method status="PASS" signature="createModuleTestSuccessForLoan()[pri:0, instance:com.qa.tests.TestRunner@50b494a6]" name="createModuleTestSuccessForLoan" duration-ms="30083" started-at="2023-10-09T19:10:28 IST" finished-at="2023-10-09T19:10:58 IST">
          <reporter-output>
          </reporter-output>
        </test-method> <!-- createModuleTestSuccessForLoan -->
        <test-method status="PASS" signature="createModuleTestSuccessForLoan()[pri:0, instance:com.qa.tests.TestRunner@50b494a6]" name="createModuleTestSuccessForLoan" duration-ms="30068" started-at="2023-10-09T19:10:58 IST" finished-at="2023-10-09T19:11:28 IST">
          <reporter-output>
          </reporter-output>
        </test-method> <!-- createModuleTestSuccessForLoan -->
      </class> <!-- com.qa.tests.TestRunner -->
    </test> <!-- Test -->
  </suite> <!-- Suite -->
</testng-results>
