<?xml version="1.0" encoding="UTF-8"?>
<testng-results ignored="0" total="86" passed="86" failed="0" skipped="0">
  <reporter-output>
  </reporter-output>
  <suite started-at="2023-10-09T15:42:04 IST" name="Suite" finished-at="2023-10-09T15:42:09 IST" duration-ms="4742">
    <groups>
    </groups>
    <test started-at="2023-10-09T15:42:04 IST" name="Test" finished-at="2023-10-09T15:42:09 IST" duration-ms="4742">
      <class name="com.qa.tests.TestRunner">
        <test-method signature="createModuleTestDB()[pri:0, instance:com.qa.tests.TestRunner@57af006c]" started-at="2023-10-09T15:42:04 IST" name="createModuleTestDB" finished-at="2023-10-09T15:42:06 IST" duration-ms="2398" status="PASS">
          <reporter-output>
          </reporter-output>
        </test-method> <!-- createModuleTestDB -->
        <test-method signature="createModuleTestDB()[pri:0, instance:com.qa.tests.TestRunner@57af006c]" started-at="2023-10-09T15:42:06 IST" name="createModuleTestDB" finished-at="2023-10-09T15:42:06 IST" duration-ms="39" status="PASS">
          <reporter-output>
          </reporter-output>
        </test-method> <!-- createModuleTestDB -->
        <test-method signature="createModuleTestDB()[pri:0, instance:com.qa.tests.TestRunner@57af006c]" started-at="2023-10-09T15:42:06 IST" name="createModuleTestDB" finished-at="2023-10-09T15:42:06 IST" duration-ms="31" status="PASS">
          <reporter-output>
          </reporter-output>
        </test-method> <!-- createModuleTestDB -->
        <test-method signature="createModuleTestDB()[pri:0, instance:com.qa.tests.TestRunner@57af006c]" started-at="2023-10-09T15:42:06 IST" name="createModuleTestDB" finished-at="2023-10-09T15:42:06 IST" duration-ms="30" status="PASS">
          <reporter-output>
          </reporter-output>
        </test-method> <!-- createModuleTestDB -->
        <test-method signature="createModuleTestDB()[pri:0, instance:com.qa.tests.TestRunner@57af006c]" started-at="2023-10-09T15:42:06 IST" name="createModuleTestDB" finished-at="2023-10-09T15:42:07 IST" duration-ms="35" status="PASS">
          <reporter-output>
          </reporter-output>
        </test-method> <!-- createModuleTestDB -->
        <test-method signature="createModuleTestDB()[pri:0, instance:com.qa.tests.TestRunner@57af006c]" started-at="2023-10-09T15:42:07 IST" name="createModuleTestDB" finished-at="2023-10-09T15:42:07 IST" duration-ms="41" status="PASS">
          <reporter-output>
          </reporter-output>
        </test-method> <!-- createModuleTestDB -->
        <test-method signature="createModuleTestFunctional()[pri:0, instance:com.qa.tests.TestRunner@57af006c]" started-at="2023-10-09T15:42:07 IST" name="createModuleTestFunctional" finished-at="2023-10-09T15:42:07 IST" duration-ms="42" status="PASS">
          <reporter-output>
          </reporter-output>
        </test-method> <!-- createModuleTestFunctional -->
        <test-method signature="createModuleTestFunctional()[pri:0, instance:com.qa.tests.TestRunner@57af006c]" started-at="2023-10-09T15:42:07 IST" name="createModuleTestFunctional" finished-at="2023-10-09T15:42:07 IST" duration-ms="35" status="PASS">
          <reporter-output>
          </reporter-output>
        </test-method> <!-- createModuleTestFunctional -->
        <test-method signature="createModuleTestFunctional()[pri:0, instance:com.qa.tests.TestRunner@57af006c]" started-at="2023-10-09T15:42:07 IST" name="createModuleTestFunctional" finished-at="2023-10-09T15:42:07 IST" duration-ms="37" status="PASS">
          <reporter-output>
          </reporter-output>
        </test-method> <!-- createModuleTestFunctional -->
        <test-method signature="createModuleTestFunctional()[pri:0, instance:com.qa.tests.TestRunner@57af006c]" started-at="2023-10-09T15:42:07 IST" name="createModuleTestFunctional" finished-at="2023-10-09T15:42:07 IST" duration-ms="33" status="PASS">
          <reporter-output>
          </reporter-output>
        </test-method> <!-- createModuleTestFunctional -->
        <test-method signature="createModuleTestFunctional()[pri:0, instance:com.qa.tests.TestRunner@57af006c]" started-at="2023-10-09T15:42:07 IST" name="createModuleTestFunctional" finished-at="2023-10-09T15:42:07 IST" duration-ms="32" status="PASS">
          <reporter-output>
          </reporter-output>
        </test-method> <!-- createModuleTestFunctional -->
        <test-method signature="createModuleTestSuccessForCheckout()[pri:0, instance:com.qa.tests.TestRunner@57af006c]" started-at="2023-10-09T15:42:07 IST" name="createModuleTestSuccessForCheckout" finished-at="2023-10-09T15:42:07 IST" duration-ms="37" status="PASS">
          <reporter-output>
          </reporter-output>
        </test-method> <!-- createModuleTestSuccessForCheckout -->
        <test-method signature="createModuleTestSuccessForCheckout()[pri:0, instance:com.qa.tests.TestRunner@57af006c]" started-at="2023-10-09T15:42:07 IST" name="createModuleTestSuccessForCheckout" finished-at="2023-10-09T15:42:07 IST" duration-ms="38" status="PASS">
          <reporter-output>
          </reporter-output>
        </test-method> <!-- createModuleTestSuccessForCheckout -->
        <test-method signature="createModuleTestSuccessForCheckout()[pri:0, instance:com.qa.tests.TestRunner@57af006c]" started-at="2023-10-09T15:42:07 IST" name="createModuleTestSuccessForCheckout" finished-at="2023-10-09T15:42:07 IST" duration-ms="45" status="PASS">
          <reporter-output>
          </reporter-output>
        </test-method> <!-- createModuleTestSuccessForCheckout -->
        <test-method signature="createModuleTestSuccessForCheckout()[pri:0, instance:com.qa.tests.TestRunner@57af006c]" started-at="2023-10-09T15:42:07 IST" name="createModuleTestSuccessForCheckout" finished-at="2023-10-09T15:42:07 IST" duration-ms="38" status="PASS">
          <reporter-output>
          </reporter-output>
        </test-method> <!-- createModuleTestSuccessForCheckout -->
        <test-method signature="createModuleTestSuccessForCheckout()[pri:0, instance:com.qa.tests.TestRunner@57af006c]" started-at="2023-10-09T15:42:07 IST" name="createModuleTestSuccessForCheckout" finished-at="2023-10-09T15:42:07 IST" duration-ms="29" status="PASS">
          <reporter-output>
          </reporter-output>
        </test-method> <!-- createModuleTestSuccessForCheckout -->
        <test-method signature="createModuleTestSuccessForCheckout()[pri:0, instance:com.qa.tests.TestRunner@57af006c]" started-at="2023-10-09T15:42:07 IST" name="createModuleTestSuccessForCheckout" finished-at="2023-10-09T15:42:07 IST" duration-ms="30" status="PASS">
          <reporter-output>
          </reporter-output>
        </test-method> <!-- createModuleTestSuccessForCheckout -->
        <test-method signature="createModuleTestSuccessForCheckout()[pri:0, instance:com.qa.tests.TestRunner@57af006c]" started-at="2023-10-09T15:42:07 IST" name="createModuleTestSuccessForCheckout" finished-at="2023-10-09T15:42:07 IST" duration-ms="25" status="PASS">
          <reporter-output>
          </reporter-output>
        </test-method> <!-- createModuleTestSuccessForCheckout -->
        <test-method signature="createModuleTestSuccessForCheckout()[pri:0, instance:com.qa.tests.TestRunner@57af006c]" started-at="2023-10-09T15:42:07 IST" name="createModuleTestSuccessForCheckout" finished-at="2023-10-09T15:42:07 IST" duration-ms="29" status="PASS">
          <reporter-output>
          </reporter-output>
        </test-method> <!-- createModuleTestSuccessForCheckout -->
        <test-method signature="createModuleTestSuccessForCheckout()[pri:0, instance:com.qa.tests.TestRunner@57af006c]" started-at="2023-10-09T15:42:07 IST" name="createModuleTestSuccessForCheckout" finished-at="2023-10-09T15:42:07 IST" duration-ms="25" status="PASS">
          <reporter-output>
          </reporter-output>
        </test-method> <!-- createModuleTestSuccessForCheckout -->
        <test-method signature="createModuleTestSuccessForCheckout()[pri:0, instance:com.qa.tests.TestRunner@57af006c]" started-at="2023-10-09T15:42:07 IST" name="createModuleTestSuccessForCheckout" finished-at="2023-10-09T15:42:07 IST" duration-ms="26" status="PASS">
          <reporter-output>
          </reporter-output>
        </test-method> <!-- createModuleTestSuccessForCheckout -->
        <test-method signature="createModuleTestSuccessForCheckout()[pri:0, instance:com.qa.tests.TestRunner@57af006c]" started-at="2023-10-09T15:42:07 IST" name="createModuleTestSuccessForCheckout" finished-at="2023-10-09T15:42:07 IST" duration-ms="26" status="PASS">
          <reporter-output>
          </reporter-output>
        </test-method> <!-- createModuleTestSuccessForCheckout -->
        <test-method signature="createModuleTestSuccessForCheckout()[pri:0, instance:com.qa.tests.TestRunner@57af006c]" started-at="2023-10-09T15:42:07 IST" name="createModuleTestSuccessForCheckout" finished-at="2023-10-09T15:42:07 IST" duration-ms="26" status="PASS">
          <reporter-output>
          </reporter-output>
        </test-method> <!-- createModuleTestSuccessForCheckout -->
        <test-method signature="createModuleTestSuccessForCheckout()[pri:0, instance:com.qa.tests.TestRunner@57af006c]" started-at="2023-10-09T15:42:07 IST" name="createModuleTestSuccessForCheckout" finished-at="2023-10-09T15:42:07 IST" duration-ms="26" status="PASS">
          <reporter-output>
          </reporter-output>
        </test-method> <!-- createModuleTestSuccessForCheckout -->
        <test-method signature="createModuleTestSuccessForCheckout()[pri:0, instance:com.qa.tests.TestRunner@57af006c]" started-at="2023-10-09T15:42:07 IST" name="createModuleTestSuccessForCheckout" finished-at="2023-10-09T15:42:07 IST" duration-ms="25" status="PASS">
          <reporter-output>
          </reporter-output>
        </test-method> <!-- createModuleTestSuccessForCheckout -->
        <test-method signature="createModuleTestSuccessForCheckout()[pri:0, instance:com.qa.tests.TestRunner@57af006c]" started-at="2023-10-09T15:42:07 IST" name="createModuleTestSuccessForCheckout" finished-at="2023-10-09T15:42:07 IST" duration-ms="30" status="PASS">
          <reporter-output>
          </reporter-output>
        </test-method> <!-- createModuleTestSuccessForCheckout -->
        <test-method signature="createModuleTestSuccessForCheckout()[pri:0, instance:com.qa.tests.TestRunner@57af006c]" started-at="2023-10-09T15:42:07 IST" name="createModuleTestSuccessForCheckout" finished-at="2023-10-09T15:42:07 IST" duration-ms="24" status="PASS">
          <reporter-output>
          </reporter-output>
        </test-method> <!-- createModuleTestSuccessForCheckout -->
        <test-method signature="createModuleTestSuccessForCheckout()[pri:0, instance:com.qa.tests.TestRunner@57af006c]" started-at="2023-10-09T15:42:07 IST" name="createModuleTestSuccessForCheckout" finished-at="2023-10-09T15:42:07 IST" duration-ms="24" status="PASS">
          <reporter-output>
          </reporter-output>
        </test-method> <!-- createModuleTestSuccessForCheckout -->
        <test-method signature="createModuleTestSuccessForCheckout()[pri:0, instance:com.qa.tests.TestRunner@57af006c]" started-at="2023-10-09T15:42:07 IST" name="createModuleTestSuccessForCheckout" finished-at="2023-10-09T15:42:07 IST" duration-ms="24" status="PASS">
          <reporter-output>
          </reporter-output>
        </test-method> <!-- createModuleTestSuccessForCheckout -->
        <test-method signature="createModuleTestSuccessForCheckout()[pri:0, instance:com.qa.tests.TestRunner@57af006c]" started-at="2023-10-09T15:42:07 IST" name="createModuleTestSuccessForCheckout" finished-at="2023-10-09T15:42:07 IST" duration-ms="25" status="PASS">
          <reporter-output>
          </reporter-output>
        </test-method> <!-- createModuleTestSuccessForCheckout -->
        <test-method signature="createModuleTestSuccessForCheckout()[pri:0, instance:com.qa.tests.TestRunner@57af006c]" started-at="2023-10-09T15:42:07 IST" name="createModuleTestSuccessForCheckout" finished-at="2023-10-09T15:42:07 IST" duration-ms="21" status="PASS">
          <reporter-output>
          </reporter-output>
        </test-method> <!-- createModuleTestSuccessForCheckout -->
        <test-method signature="createModuleTestSuccessForCheckout()[pri:0, instance:com.qa.tests.TestRunner@57af006c]" started-at="2023-10-09T15:42:07 IST" name="createModuleTestSuccessForCheckout" finished-at="2023-10-09T15:42:07 IST" duration-ms="26" status="PASS">
          <reporter-output>
          </reporter-output>
        </test-method> <!-- createModuleTestSuccessForCheckout -->
        <test-method signature="createModuleTestSuccessForCheckout()[pri:0, instance:com.qa.tests.TestRunner@57af006c]" started-at="2023-10-09T15:42:07 IST" name="createModuleTestSuccessForCheckout" finished-at="2023-10-09T15:42:07 IST" duration-ms="26" status="PASS">
          <reporter-output>
          </reporter-output>
        </test-method> <!-- createModuleTestSuccessForCheckout -->
        <test-method signature="createModuleTestSuccessForCheckout()[pri:0, instance:com.qa.tests.TestRunner@57af006c]" started-at="2023-10-09T15:42:07 IST" name="createModuleTestSuccessForCheckout" finished-at="2023-10-09T15:42:07 IST" duration-ms="24" status="PASS">
          <reporter-output>
          </reporter-output>
        </test-method> <!-- createModuleTestSuccessForCheckout -->
        <test-method signature="createModuleTestSuccessForCheckout()[pri:0, instance:com.qa.tests.TestRunner@57af006c]" started-at="2023-10-09T15:42:07 IST" name="createModuleTestSuccessForCheckout" finished-at="2023-10-09T15:42:07 IST" duration-ms="24" status="PASS">
          <reporter-output>
          </reporter-output>
        </test-method> <!-- createModuleTestSuccessForCheckout -->
        <test-method signature="createModuleTestSuccessForCheckout()[pri:0, instance:com.qa.tests.TestRunner@57af006c]" started-at="2023-10-09T15:42:07 IST" name="createModuleTestSuccessForCheckout" finished-at="2023-10-09T15:42:07 IST" duration-ms="22" status="PASS">
          <reporter-output>
          </reporter-output>
        </test-method> <!-- createModuleTestSuccessForCheckout -->
        <test-method signature="createModuleTestSuccessForCheckout()[pri:0, instance:com.qa.tests.TestRunner@57af006c]" started-at="2023-10-09T15:42:07 IST" name="createModuleTestSuccessForCheckout" finished-at="2023-10-09T15:42:07 IST" duration-ms="23" status="PASS">
          <reporter-output>
          </reporter-output>
        </test-method> <!-- createModuleTestSuccessForCheckout -->
        <test-method signature="createModuleTestSuccessForCheckout()[pri:0, instance:com.qa.tests.TestRunner@57af006c]" started-at="2023-10-09T15:42:07 IST" name="createModuleTestSuccessForCheckout" finished-at="2023-10-09T15:42:08 IST" duration-ms="25" status="PASS">
          <reporter-output>
          </reporter-output>
        </test-method> <!-- createModuleTestSuccessForCheckout -->
        <test-method signature="createModuleTestSuccessForCheckout()[pri:0, instance:com.qa.tests.TestRunner@57af006c]" started-at="2023-10-09T15:42:08 IST" name="createModuleTestSuccessForCheckout" finished-at="2023-10-09T15:42:08 IST" duration-ms="23" status="PASS">
          <reporter-output>
          </reporter-output>
        </test-method> <!-- createModuleTestSuccessForCheckout -->
        <test-method signature="createModuleTestSuccessForCheckout()[pri:0, instance:com.qa.tests.TestRunner@57af006c]" started-at="2023-10-09T15:42:08 IST" name="createModuleTestSuccessForCheckout" finished-at="2023-10-09T15:42:08 IST" duration-ms="23" status="PASS">
          <reporter-output>
          </reporter-output>
        </test-method> <!-- createModuleTestSuccessForCheckout -->
        <test-method signature="createModuleTestSuccessForCheckout()[pri:0, instance:com.qa.tests.TestRunner@57af006c]" started-at="2023-10-09T15:42:08 IST" name="createModuleTestSuccessForCheckout" finished-at="2023-10-09T15:42:08 IST" duration-ms="25" status="PASS">
          <reporter-output>
          </reporter-output>
        </test-method> <!-- createModuleTestSuccessForCheckout -->
        <test-method signature="createModuleTestSuccessForCheckout()[pri:0, instance:com.qa.tests.TestRunner@57af006c]" started-at="2023-10-09T15:42:08 IST" name="createModuleTestSuccessForCheckout" finished-at="2023-10-09T15:42:08 IST" duration-ms="25" status="PASS">
          <reporter-output>
          </reporter-output>
        </test-method> <!-- createModuleTestSuccessForCheckout -->
        <test-method signature="createModuleTestSuccessForCheckout()[pri:0, instance:com.qa.tests.TestRunner@57af006c]" started-at="2023-10-09T15:42:08 IST" name="createModuleTestSuccessForCheckout" finished-at="2023-10-09T15:42:08 IST" duration-ms="28" status="PASS">
          <reporter-output>
          </reporter-output>
        </test-method> <!-- createModuleTestSuccessForCheckout -->
        <test-method signature="createModuleTestSuccessForCheckout()[pri:0, instance:com.qa.tests.TestRunner@57af006c]" started-at="2023-10-09T15:42:08 IST" name="createModuleTestSuccessForCheckout" finished-at="2023-10-09T15:42:08 IST" duration-ms="27" status="PASS">
          <reporter-output>
          </reporter-output>
        </test-method> <!-- createModuleTestSuccessForCheckout -->
        <test-method signature="createModuleTestSuccessForCheckout()[pri:0, instance:com.qa.tests.TestRunner@57af006c]" started-at="2023-10-09T15:42:08 IST" name="createModuleTestSuccessForCheckout" finished-at="2023-10-09T15:42:08 IST" duration-ms="25" status="PASS">
          <reporter-output>
          </reporter-output>
        </test-method> <!-- createModuleTestSuccessForCheckout -->
        <test-method signature="createModuleTestSuccessForCheckout()[pri:0, instance:com.qa.tests.TestRunner@57af006c]" started-at="2023-10-09T15:42:08 IST" name="createModuleTestSuccessForCheckout" finished-at="2023-10-09T15:42:08 IST" duration-ms="27" status="PASS">
          <reporter-output>
          </reporter-output>
        </test-method> <!-- createModuleTestSuccessForCheckout -->
        <test-method signature="createModuleTestSuccessForCheckout()[pri:0, instance:com.qa.tests.TestRunner@57af006c]" started-at="2023-10-09T15:42:08 IST" name="createModuleTestSuccessForCheckout" finished-at="2023-10-09T15:42:08 IST" duration-ms="25" status="PASS">
          <reporter-output>
          </reporter-output>
        </test-method> <!-- createModuleTestSuccessForCheckout -->
        <test-method signature="createModuleTestSuccessForCheckout()[pri:0, instance:com.qa.tests.TestRunner@57af006c]" started-at="2023-10-09T15:42:08 IST" name="createModuleTestSuccessForCheckout" finished-at="2023-10-09T15:42:08 IST" duration-ms="23" status="PASS">
          <reporter-output>
          </reporter-output>
        </test-method> <!-- createModuleTestSuccessForCheckout -->
        <test-method signature="createModuleTestSuccessForCheckout()[pri:0, instance:com.qa.tests.TestRunner@57af006c]" started-at="2023-10-09T15:42:08 IST" name="createModuleTestSuccessForCheckout" finished-at="2023-10-09T15:42:08 IST" duration-ms="20" status="PASS">
          <reporter-output>
          </reporter-output>
        </test-method> <!-- createModuleTestSuccessForCheckout -->
        <test-method signature="createModuleTestSuccessForLoan()[pri:0, instance:com.qa.tests.TestRunner@57af006c]" started-at="2023-10-09T15:42:08 IST" name="createModuleTestSuccessForLoan" finished-at="2023-10-09T15:42:08 IST" duration-ms="26" status="PASS">
          <reporter-output>
          </reporter-output>
        </test-method> <!-- createModuleTestSuccessForLoan -->
        <test-method signature="createModuleTestSuccessForLoan()[pri:0, instance:com.qa.tests.TestRunner@57af006c]" started-at="2023-10-09T15:42:08 IST" name="createModuleTestSuccessForLoan" finished-at="2023-10-09T15:42:08 IST" duration-ms="21" status="PASS">
          <reporter-output>
          </reporter-output>
        </test-method> <!-- createModuleTestSuccessForLoan -->
        <test-method signature="createModuleTestSuccessForLoan()[pri:0, instance:com.qa.tests.TestRunner@57af006c]" started-at="2023-10-09T15:42:08 IST" name="createModuleTestSuccessForLoan" finished-at="2023-10-09T15:42:08 IST" duration-ms="23" status="PASS">
          <reporter-output>
          </reporter-output>
        </test-method> <!-- createModuleTestSuccessForLoan -->
        <test-method signature="createModuleTestSuccessForLoan()[pri:0, instance:com.qa.tests.TestRunner@57af006c]" started-at="2023-10-09T15:42:08 IST" name="createModuleTestSuccessForLoan" finished-at="2023-10-09T15:42:08 IST" duration-ms="21" status="PASS">
          <reporter-output>
          </reporter-output>
        </test-method> <!-- createModuleTestSuccessForLoan -->
        <test-method signature="createModuleTestSuccessForLoan()[pri:0, instance:com.qa.tests.TestRunner@57af006c]" started-at="2023-10-09T15:42:08 IST" name="createModuleTestSuccessForLoan" finished-at="2023-10-09T15:42:08 IST" duration-ms="20" status="PASS">
          <reporter-output>
          </reporter-output>
        </test-method> <!-- createModuleTestSuccessForLoan -->
        <test-method signature="createModuleTestSuccessForLoan()[pri:0, instance:com.qa.tests.TestRunner@57af006c]" started-at="2023-10-09T15:42:08 IST" name="createModuleTestSuccessForLoan" finished-at="2023-10-09T15:42:08 IST" duration-ms="21" status="PASS">
          <reporter-output>
          </reporter-output>
        </test-method> <!-- createModuleTestSuccessForLoan -->
        <test-method signature="createModuleTestSuccessForLoan()[pri:0, instance:com.qa.tests.TestRunner@57af006c]" started-at="2023-10-09T15:42:08 IST" name="createModuleTestSuccessForLoan" finished-at="2023-10-09T15:42:08 IST" duration-ms="21" status="PASS">
          <reporter-output>
          </reporter-output>
        </test-method> <!-- createModuleTestSuccessForLoan -->
        <test-method signature="createModuleTestSuccessForLoan()[pri:0, instance:com.qa.tests.TestRunner@57af006c]" started-at="2023-10-09T15:42:08 IST" name="createModuleTestSuccessForLoan" finished-at="2023-10-09T15:42:08 IST" duration-ms="21" status="PASS">
          <reporter-output>
          </reporter-output>
        </test-method> <!-- createModuleTestSuccessForLoan -->
        <test-method signature="createModuleTestSuccessForLoan()[pri:0, instance:com.qa.tests.TestRunner@57af006c]" started-at="2023-10-09T15:42:08 IST" name="createModuleTestSuccessForLoan" finished-at="2023-10-09T15:42:08 IST" duration-ms="21" status="PASS">
          <reporter-output>
          </reporter-output>
        </test-method> <!-- createModuleTestSuccessForLoan -->
        <test-method signature="createModuleTestSuccessForLoan()[pri:0, instance:com.qa.tests.TestRunner@57af006c]" started-at="2023-10-09T15:42:08 IST" name="createModuleTestSuccessForLoan" finished-at="2023-10-09T15:42:08 IST" duration-ms="20" status="PASS">
          <reporter-output>
          </reporter-output>
        </test-method> <!-- createModuleTestSuccessForLoan -->
        <test-method signature="createModuleTestSuccessForLoan()[pri:0, instance:com.qa.tests.TestRunner@57af006c]" started-at="2023-10-09T15:42:08 IST" name="createModuleTestSuccessForLoan" finished-at="2023-10-09T15:42:08 IST" duration-ms="21" status="PASS">
          <reporter-output>
          </reporter-output>
        </test-method> <!-- createModuleTestSuccessForLoan -->
        <test-method signature="createModuleTestSuccessForLoan()[pri:0, instance:com.qa.tests.TestRunner@57af006c]" started-at="2023-10-09T15:42:08 IST" name="createModuleTestSuccessForLoan" finished-at="2023-10-09T15:42:08 IST" duration-ms="23" status="PASS">
          <reporter-output>
          </reporter-output>
        </test-method> <!-- createModuleTestSuccessForLoan -->
        <test-method signature="createModuleTestSuccessForLoan()[pri:0, instance:com.qa.tests.TestRunner@57af006c]" started-at="2023-10-09T15:42:08 IST" name="createModuleTestSuccessForLoan" finished-at="2023-10-09T15:42:08 IST" duration-ms="23" status="PASS">
          <reporter-output>
          </reporter-output>
        </test-method> <!-- createModuleTestSuccessForLoan -->
        <test-method signature="createModuleTestSuccessForLoan()[pri:0, instance:com.qa.tests.TestRunner@57af006c]" started-at="2023-10-09T15:42:08 IST" name="createModuleTestSuccessForLoan" finished-at="2023-10-09T15:42:08 IST" duration-ms="21" status="PASS">
          <reporter-output>
          </reporter-output>
        </test-method> <!-- createModuleTestSuccessForLoan -->
        <test-method signature="createModuleTestSuccessForLoan()[pri:0, instance:com.qa.tests.TestRunner@57af006c]" started-at="2023-10-09T15:42:08 IST" name="createModuleTestSuccessForLoan" finished-at="2023-10-09T15:42:08 IST" duration-ms="47" status="PASS">
          <reporter-output>
          </reporter-output>
        </test-method> <!-- createModuleTestSuccessForLoan -->
        <test-method signature="createModuleTestSuccessForLoan()[pri:0, instance:com.qa.tests.TestRunner@57af006c]" started-at="2023-10-09T15:42:08 IST" name="createModuleTestSuccessForLoan" finished-at="2023-10-09T15:42:08 IST" duration-ms="25" status="PASS">
          <reporter-output>
          </reporter-output>
        </test-method> <!-- createModuleTestSuccessForLoan -->
        <test-method signature="createModuleTestSuccessForLoan()[pri:0, instance:com.qa.tests.TestRunner@57af006c]" started-at="2023-10-09T15:42:08 IST" name="createModuleTestSuccessForLoan" finished-at="2023-10-09T15:42:08 IST" duration-ms="24" status="PASS">
          <reporter-output>
          </reporter-output>
        </test-method> <!-- createModuleTestSuccessForLoan -->
        <test-method signature="createModuleTestSuccessForLoan()[pri:0, instance:com.qa.tests.TestRunner@57af006c]" started-at="2023-10-09T15:42:08 IST" name="createModuleTestSuccessForLoan" finished-at="2023-10-09T15:42:08 IST" duration-ms="21" status="PASS">
          <reporter-output>
          </reporter-output>
        </test-method> <!-- createModuleTestSuccessForLoan -->
        <test-method signature="createModuleTestSuccessForLoan()[pri:0, instance:com.qa.tests.TestRunner@57af006c]" started-at="2023-10-09T15:42:08 IST" name="createModuleTestSuccessForLoan" finished-at="2023-10-09T15:42:08 IST" duration-ms="26" status="PASS">
          <reporter-output>
          </reporter-output>
        </test-method> <!-- createModuleTestSuccessForLoan -->
        <test-method signature="createModuleTestSuccessForLoan()[pri:0, instance:com.qa.tests.TestRunner@57af006c]" started-at="2023-10-09T15:42:08 IST" name="createModuleTestSuccessForLoan" finished-at="2023-10-09T15:42:08 IST" duration-ms="29" status="PASS">
          <reporter-output>
          </reporter-output>
        </test-method> <!-- createModuleTestSuccessForLoan -->
        <test-method signature="createModuleTestSuccessForLoan()[pri:0, instance:com.qa.tests.TestRunner@57af006c]" started-at="2023-10-09T15:42:08 IST" name="createModuleTestSuccessForLoan" finished-at="2023-10-09T15:42:08 IST" duration-ms="25" status="PASS">
          <reporter-output>
          </reporter-output>
        </test-method> <!-- createModuleTestSuccessForLoan -->
        <test-method signature="createModuleTestSuccessForLoan()[pri:0, instance:com.qa.tests.TestRunner@57af006c]" started-at="2023-10-09T15:42:08 IST" name="createModuleTestSuccessForLoan" finished-at="2023-10-09T15:42:08 IST" duration-ms="26" status="PASS">
          <reporter-output>
          </reporter-output>
        </test-method> <!-- createModuleTestSuccessForLoan -->
        <test-method signature="createModuleTestSuccessForLoan()[pri:0, instance:com.qa.tests.TestRunner@57af006c]" started-at="2023-10-09T15:42:08 IST" name="createModuleTestSuccessForLoan" finished-at="2023-10-09T15:42:08 IST" duration-ms="22" status="PASS">
          <reporter-output>
          </reporter-output>
        </test-method> <!-- createModuleTestSuccessForLoan -->
        <test-method signature="createModuleTestSuccessForLoan()[pri:0, instance:com.qa.tests.TestRunner@57af006c]" started-at="2023-10-09T15:42:08 IST" name="createModuleTestSuccessForLoan" finished-at="2023-10-09T15:42:08 IST" duration-ms="26" status="PASS">
          <reporter-output>
          </reporter-output>
        </test-method> <!-- createModuleTestSuccessForLoan -->
        <test-method signature="createModuleTestSuccessForLoan()[pri:0, instance:com.qa.tests.TestRunner@57af006c]" started-at="2023-10-09T15:42:08 IST" name="createModuleTestSuccessForLoan" finished-at="2023-10-09T15:42:08 IST" duration-ms="24" status="PASS">
          <reporter-output>
          </reporter-output>
        </test-method> <!-- createModuleTestSuccessForLoan -->
        <test-method signature="createModuleTestSuccessForLoan()[pri:0, instance:com.qa.tests.TestRunner@57af006c]" started-at="2023-10-09T15:42:08 IST" name="createModuleTestSuccessForLoan" finished-at="2023-10-09T15:42:08 IST" duration-ms="26" status="PASS">
          <reporter-output>
          </reporter-output>
        </test-method> <!-- createModuleTestSuccessForLoan -->
        <test-method signature="createModuleTestSuccessForLoan()[pri:0, instance:com.qa.tests.TestRunner@57af006c]" started-at="2023-10-09T15:42:08 IST" name="createModuleTestSuccessForLoan" finished-at="2023-10-09T15:42:08 IST" duration-ms="25" status="PASS">
          <reporter-output>
          </reporter-output>
        </test-method> <!-- createModuleTestSuccessForLoan -->
        <test-method signature="createModuleTestSuccessForLoan()[pri:0, instance:com.qa.tests.TestRunner@57af006c]" started-at="2023-10-09T15:42:08 IST" name="createModuleTestSuccessForLoan" finished-at="2023-10-09T15:42:08 IST" duration-ms="26" status="PASS">
          <reporter-output>
          </reporter-output>
        </test-method> <!-- createModuleTestSuccessForLoan -->
        <test-method signature="createModuleTestSuccessForLoan()[pri:0, instance:com.qa.tests.TestRunner@57af006c]" started-at="2023-10-09T15:42:08 IST" name="createModuleTestSuccessForLoan" finished-at="2023-10-09T15:42:09 IST" duration-ms="22" status="PASS">
          <reporter-output>
          </reporter-output>
        </test-method> <!-- createModuleTestSuccessForLoan -->
        <test-method signature="createModuleTestSuccessForLoan()[pri:0, instance:com.qa.tests.TestRunner@57af006c]" started-at="2023-10-09T15:42:09 IST" name="createModuleTestSuccessForLoan" finished-at="2023-10-09T15:42:09 IST" duration-ms="20" status="PASS">
          <reporter-output>
          </reporter-output>
        </test-method> <!-- createModuleTestSuccessForLoan -->
        <test-method signature="createModuleTestSuccessForLoan()[pri:0, instance:com.qa.tests.TestRunner@57af006c]" started-at="2023-10-09T15:42:09 IST" name="createModuleTestSuccessForLoan" finished-at="2023-10-09T15:42:09 IST" duration-ms="22" status="PASS">
          <reporter-output>
          </reporter-output>
        </test-method> <!-- createModuleTestSuccessForLoan -->
        <test-method signature="createModuleTestSuccessForLoan()[pri:0, instance:com.qa.tests.TestRunner@57af006c]" started-at="2023-10-09T15:42:09 IST" name="createModuleTestSuccessForLoan" finished-at="2023-10-09T15:42:09 IST" duration-ms="20" status="PASS">
          <reporter-output>
          </reporter-output>
        </test-method> <!-- createModuleTestSuccessForLoan -->
        <test-method signature="createModuleTestSuccessForLoan()[pri:0, instance:com.qa.tests.TestRunner@57af006c]" started-at="2023-10-09T15:42:09 IST" name="createModuleTestSuccessForLoan" finished-at="2023-10-09T15:42:09 IST" duration-ms="21" status="PASS">
          <reporter-output>
          </reporter-output>
        </test-method> <!-- createModuleTestSuccessForLoan -->
        <test-method signature="createModuleTestSuccessForLoan()[pri:0, instance:com.qa.tests.TestRunner@57af006c]" started-at="2023-10-09T15:42:09 IST" name="createModuleTestSuccessForLoan" finished-at="2023-10-09T15:42:09 IST" duration-ms="21" status="PASS">
          <reporter-output>
          </reporter-output>
        </test-method> <!-- createModuleTestSuccessForLoan -->
        <test-method signature="createModuleTestSuccessForLoan()[pri:0, instance:com.qa.tests.TestRunner@57af006c]" started-at="2023-10-09T15:42:09 IST" name="createModuleTestSuccessForLoan" finished-at="2023-10-09T15:42:09 IST" duration-ms="24" status="PASS">
          <reporter-output>
          </reporter-output>
        </test-method> <!-- createModuleTestSuccessForLoan -->
        <test-method signature="createModuleTestSuccessForLoan()[pri:0, instance:com.qa.tests.TestRunner@57af006c]" started-at="2023-10-09T15:42:09 IST" name="createModuleTestSuccessForLoan" finished-at="2023-10-09T15:42:09 IST" duration-ms="20" status="PASS">
          <reporter-output>
          </reporter-output>
        </test-method> <!-- createModuleTestSuccessForLoan -->
        <test-method signature="createModuleTestSuccessForLoan()[pri:0, instance:com.qa.tests.TestRunner@57af006c]" started-at="2023-10-09T15:42:09 IST" name="createModuleTestSuccessForLoan" finished-at="2023-10-09T15:42:09 IST" duration-ms="23" status="PASS">
          <reporter-output>
          </reporter-output>
        </test-method> <!-- createModuleTestSuccessForLoan -->
      </class> <!-- com.qa.tests.TestRunner -->
    </test> <!-- Test -->
  </suite> <!-- Suite -->
</testng-results>
